<?xml version="1.0" encoding="UTF-8"?>
<coverage generated="1663173549959" clover="3.2.0">
  <project timestamp="1663173549960" name="All files">
    <metrics statements="4" coveredstatements="1" conditionals="5" coveredconditionals="0" methods="1" coveredmethods="0" elements="10" coveredelements="1" complexity="0" loc="4" ncloc="4" packages="1" files="1" classes="1"/>
    <file name="adoration.js" path="C:\Users\andre\Documents\FutureProof\Week 3\adoration\adoration.js">
      <metrics statements="4" coveredstatements="1" conditionals="5" coveredconditionals="0" methods="1" coveredmethods="0"/>
      <line num="2" count="0" type="cond" truecount="0" falsecount="5"/>
      <line num="3" count="0" type="stmt"/>
      <line num="5" count="0" type="stmt"/>
      <line num="9" count="1" type="stmt"/>
    </file>
  </project>
</coverage>
